<?xml version="1.0" encoding="UTF-8"?>
<testng-results ignored="0" total="2" passed="2" failed="0" skipped="0">
  <reporter-output>
  </reporter-output>
  <suite started-at="2024-05-09T04:10:55Z" name="Default suite" finished-at="2024-05-09T04:11:22Z" duration-ms="27586">
    <groups>
    </groups>
    <test started-at="2024-05-09T04:10:55Z" name="Default test" finished-at="2024-05-09T04:11:22Z" duration-ms="27586">
      <class name="newstart.trail">
        <test-method is-config="true" signature="f()[pri:0, instance:newstart.trail@3697186]" started-at="2024-05-09T09:40:55Z" name="f" finished-at="2024-05-09T09:41:05Z" duration-ms="10085" status="PASS">
          <reporter-output>
          </reporter-output>
        </test-method> <!-- f -->
        <test-method signature="urlmethod(java.lang.String, java.lang.String)[pri:0, instance:newstart.trail@3697186]" started-at="2024-05-09T09:41:05Z" name="urlmethod" data-provider="test123" finished-at="2024-05-09T09:41:15Z" duration-ms="10763" status="PASS">
          <params>
            <param index="0">
              <value>
                <![CDATA[rishi]]>
              </value>
            </param>
            <param index="1">
              <value>
                <![CDATA[rishi123]]>
              </value>
            </param>
          </params>
          <reporter-output>
          </reporter-output>
        </test-method> <!-- urlmethod -->
        <test-method signature="urlmethod(java.lang.String, java.lang.String)[pri:0, instance:newstart.trail@3697186]" started-at="2024-05-09T09:41:15Z" name="urlmethod" data-provider="test123" finished-at="2024-05-09T09:41:22Z" duration-ms="6692" status="PASS">
          <params>
            <param index="0">
              <value>
                <![CDATA[raghu]]>
              </value>
            </param>
            <param index="1">
              <value>
                <![CDATA[raghu123]]>
              </value>
            </param>
          </params>
          <reporter-output>
          </reporter-output>
        </test-method> <!-- urlmethod -->
      </class> <!-- newstart.trail -->
    </test> <!-- Default test -->
  </suite> <!-- Default suite -->
</testng-results>
